{"C:\\Users\\marcin\\Documents\\Raspberry\\Informatyka\\Kurs_node-js\\node.js\\projectPage\\lib\\fortunerandom.js": {"path":"C:\\Users\\marcin\\Documents\\Raspberry\\Informatyka\\Kurs_node-js\\node.js\\projectPage\\lib\\fortunerandom.js","statementMap":{"0":{"start":{"line":3,"column":17},"end":{"line":7,"column":1}},"1":{"start":{"line":9,"column":0},"end":{"line":12,"column":1}},"2":{"start":{"line":10,"column":14},"end":{"line":10,"column":55}},"3":{"start":{"line":11,"column":4},"end":{"line":11,"column":22}}},"fnMap":{"0":{"name":"(anonymous_0)","decl":{"start":{"line":9,"column":27},"end":{"line":9,"column":28}},"loc":{"start":{"line":9,"column":33},"end":{"line":12,"column":1}},"line":9}},"branchMap":{},"s":{"0":1,"1":1,"2":1,"3":1},"f":{"0":1},"b":{},"_coverageSchema":"1a1c01bbd47fc00a2c39e90264f33305004495a9","hash":"594efe2441d38ca6adaa1ab5b9cbb674ae60772c"}
,"C:\\Users\\marcin\\Documents\\Raspberry\\Informatyka\\Kurs_node-js\\node.js\\projectPage\\lib\\handlers.js": {"path":"C:\\Users\\marcin\\Documents\\Raspberry\\Informatyka\\Kurs_node-js\\node.js\\projectPage\\lib\\handlers.js","statementMap":{"0":{"start":{"line":1,"column":16},"end":{"line":1,"column":42}},"1":{"start":{"line":3,"column":0},"end":{"line":3,"column":47}},"2":{"start":{"line":3,"column":29},"end":{"line":3,"column":47}},"3":{"start":{"line":4,"column":0},"end":{"line":4,"column":49}},"4":{"start":{"line":4,"column":30},"end":{"line":4,"column":49}},"5":{"start":{"line":5,"column":0},"end":{"line":5,"column":96}},"6":{"start":{"line":5,"column":37},"end":{"line":5,"column":96}},"7":{"start":{"line":6,"column":0},"end":{"line":6,"column":51}},"8":{"start":{"line":6,"column":34},"end":{"line":6,"column":51}},"9":{"start":{"line":7,"column":0},"end":{"line":7,"column":64}},"10":{"start":{"line":7,"column":47},"end":{"line":7,"column":64}}},"fnMap":{"0":{"name":"(anonymous_0)","decl":{"start":{"line":3,"column":15},"end":{"line":3,"column":16}},"loc":{"start":{"line":3,"column":29},"end":{"line":3,"column":47}},"line":3},"1":{"name":"(anonymous_1)","decl":{"start":{"line":4,"column":16},"end":{"line":4,"column":17}},"loc":{"start":{"line":4,"column":30},"end":{"line":4,"column":49}},"line":4},"2":{"name":"(anonymous_2)","decl":{"start":{"line":5,"column":24},"end":{"line":5,"column":25}},"loc":{"start":{"line":5,"column":37},"end":{"line":5,"column":96}},"line":5},"3":{"name":"(anonymous_3)","decl":{"start":{"line":6,"column":19},"end":{"line":6,"column":20}},"loc":{"start":{"line":6,"column":34},"end":{"line":6,"column":51}},"line":6},"4":{"name":"(anonymous_4)","decl":{"start":{"line":7,"column":22},"end":{"line":7,"column":23}},"loc":{"start":{"line":7,"column":47},"end":{"line":7,"column":64}},"line":7}},"branchMap":{},"s":{"0":1,"1":1,"2":1,"3":1,"4":0,"5":1,"6":1,"7":1,"8":1,"9":1,"10":1},"f":{"0":1,"1":0,"2":1,"3":1,"4":1},"b":{},"_coverageSchema":"1a1c01bbd47fc00a2c39e90264f33305004495a9","hash":"15293527b1e3f9a15a3fe9de27bd4dd13000d251"}
}
